  Proiect_SD.cpp
C:\Users\Cristi\Desktop\Proiect SD\Cod\Proiect_SD\Proiect_SD.cpp(38,15): warning C4244: '=': conversion from 'double' to 'int', possible loss of data
C:\Users\Cristi\Desktop\Proiect SD\Cod\Proiect_SD\Proiect_SD.cpp(39,13): warning C4244: '=': conversion from 'double' to 'int', possible loss of data
C:\Users\Cristi\Desktop\Proiect SD\Cod\Proiect_SD\Proiect_SD.cpp(49,15): warning C4244: '=': conversion from 'double' to 'int', possible loss of data
C:\Users\Cristi\Desktop\Proiect SD\Cod\Proiect_SD\Proiect_SD.cpp(50,13): warning C4244: '=': conversion from 'double' to 'int', possible loss of data
C:\Users\Cristi\Desktop\Proiect SD\Cod\Proiect_SD\Proiect_SD.cpp(58,15): warning C4244: '=': conversion from 'double' to 'int', possible loss of data
C:\Users\Cristi\Desktop\Proiect SD\Cod\Proiect_SD\Proiect_SD.cpp(59,13): warning C4244: '=': conversion from 'double' to 'int', possible loss of data
C:\Users\Cristi\Desktop\Proiect SD\Cod\Proiect_SD\Proiect_SD.cpp(73,15): warning C4244: '=': conversion from 'double' to 'int', possible loss of data
C:\Users\Cristi\Desktop\Proiect SD\Cod\Proiect_SD\Proiect_SD.cpp(74,13): warning C4244: '=': conversion from 'double' to 'int', possible loss of data
C:\Users\Cristi\Desktop\Proiect SD\Cod\Proiect_SD\Proiect_SD.cpp(90,15): warning C4244: '=': conversion from 'double' to 'int', possible loss of data
C:\Users\Cristi\Desktop\Proiect SD\Cod\Proiect_SD\Proiect_SD.cpp(108,15): warning C4244: '=': conversion from 'double' to 'int', possible loss of data
C:\Users\Cristi\Desktop\Proiect SD\Cod\Proiect_SD\Proiect_SD.cpp(109,13): warning C4244: '=': conversion from 'double' to 'int', possible loss of data
C:\Users\Cristi\Desktop\Proiect SD\Cod\Proiect_SD\Proiect_SD.cpp(116,21): warning C4018: '<': signed/unsigned mismatch
C:\Users\Cristi\Desktop\Proiect SD\Cod\Proiect_SD\Proiect_SD.cpp(124,15): warning C4244: '=': conversion from 'double' to 'int', possible loss of data
C:\Users\Cristi\Desktop\Proiect SD\Cod\Proiect_SD\Proiect_SD.cpp(145,15): warning C4244: '=': conversion from 'double' to 'int', possible loss of data
C:\Users\Cristi\Desktop\Proiect SD\Cod\Proiect_SD\Proiect_SD.cpp(254,9): warning C4244: 'initializing': conversion from 'double' to 'long', possible loss of data
C:\Users\Cristi\Desktop\Proiect SD\Cod\Proiect_SD\Proiect_SD.cpp(325,39): warning C4244: 'argument': conversion from 'double' to 'int', possible loss of data
C:\Users\Cristi\Desktop\Proiect SD\Cod\Proiect_SD\Proiect_SD.cpp(338,41): warning C4244: 'argument': conversion from 'double' to 'int', possible loss of data
C:\Users\Cristi\Desktop\Proiect SD\Cod\Proiect_SD\Proiect_SD.cpp(348,51): warning C4244: 'argument': conversion from 'double' to 'int', possible loss of data
C:\Users\Cristi\Desktop\Proiect SD\Cod\Proiect_SD\Proiect_SD.cpp(245,16): warning C4101: 'max': unreferenced local variable
C:\Users\Cristi\Desktop\Proiect SD\Cod\Proiect_SD\Proiect_SD.cpp(244,8): warning C4101: 'timp_intermediar': unreferenced local variable
C:\Users\Cristi\Desktop\Proiect SD\Cod\Proiect_SD\Proiect_SD.cpp(419,11): warning C4244: 'argument': conversion from 'time_t' to 'unsigned int', possible loss of data
C:\Users\Cristi\Desktop\Proiect SD\Cod\Proiect_SD\Proiect_SD.cpp(442,15): warning C4244: '=': conversion from 'double' to 'int', possible loss of data
C:\Users\Cristi\Desktop\Proiect SD\Cod\Proiect_SD\Proiect_SD.cpp(452,15): warning C4244: '=': conversion from 'double' to 'int', possible loss of data
C:\Users\Cristi\Desktop\Proiect SD\Cod\Proiect_SD\Proiect_SD.cpp(522,15): warning C4244: '=': conversion from 'double' to 'int', possible loss of data
C:\Users\Cristi\Desktop\Proiect SD\Cod\Proiect_SD\Proiect_SD.cpp(532,15): warning C4244: '=': conversion from 'double' to 'int', possible loss of data
C:\Users\Cristi\Desktop\Proiect SD\Cod\Proiect_SD\Proiect_SD.cpp(538,15): warning C4244: '=': conversion from 'double' to 'int', possible loss of data
  Proiect_SD.vcxproj -> C:\Users\Cristi\Desktop\Proiect SD\Cod\Debug\Proiect_SD.exe
